[2021-07-18 01:07:07] flarum.ERROR: PDOException: SQLSTATE[HY000] [2002] 由于目标计算机积极拒绝，无法连接。
 in F:\httpd-2.4.48-win64-VS16\Apache24\htdocs\flarum\vendor\doctrine\dbal\lib\Doctrine\DBAL\Driver\PDOConnection.php:39
Stack trace:
#0 F:\httpd-2.4.48-win64-VS16\Apache24\htdocs\flarum\vendor\doctrine\dbal\lib\Doctrine\DBAL\Driver\PDOConnection.php(39): PDO->__construct('mysql:host=loca...', 'root', 'password', Array)
#1 F:\httpd-2.4.48-win64-VS16\Apache24\htdocs\flarum\vendor\illuminate\database\Connectors\Connector.php(67): Doctrine\DBAL\Driver\PDOConnection->__construct('mysql:host=loca...', 'root', 'password', Array)
#2 F:\httpd-2.4.48-win64-VS16\Apache24\htdocs\flarum\vendor\illuminate\database\Connectors\Connector.php(46): Illuminate\Database\Connectors\Connector->createPdoConnection('mysql:host=loca...', 'root', 'password', Array)
#3 F:\httpd-2.4.48-win64-VS16\Apache24\htdocs\flarum\vendor\illuminate\database\Connectors\MySqlConnector.php(24): Illuminate\Database\Connectors\Connector->createConnection('mysql:host=loca...', Array, Array)
#4 F:\httpd-2.4.48-win64-VS16\Apache24\htdocs\flarum\vendor\illuminate\database\Connectors\ConnectionFactory.php(184): Illuminate\Database\Connectors\MySqlConnector->connect(Array)
#5 [internal function]: Illuminate\Database\Connectors\ConnectionFactory->Illuminate\Database\Connectors\{closure}()
#6 F:\httpd-2.4.48-win64-VS16\Apache24\htdocs\flarum\vendor\illuminate\database\Connection.php(999): call_user_func(Object(Closure))
#7 F:\httpd-2.4.48-win64-VS16\Apache24\htdocs\flarum\vendor\illuminate\database\Connection.php(981): Illuminate\Database\Connection->getPdo()
#8 F:\httpd-2.4.48-win64-VS16\Apache24\htdocs\flarum\vendor\illuminate\database\Connection.php(961): Illuminate\Database\Connection->getDoctrineConnection()
#9 F:\httpd-2.4.48-win64-VS16\Apache24\htdocs\flarum\vendor\flarum\core\src\Database\Migrator.php(72): Illuminate\Database\Connection->getDoctrineSchemaManager()
#10 [internal function]: Flarum\Database\Migrator->__construct(Object(Flarum\Database\DatabaseMigrationRepository), Object(Illuminate\Database\MySqlConnection), Object(Illuminate\Filesystem\Filesystem))
#11 F:\httpd-2.4.48-win64-VS16\Apache24\htdocs\flarum\vendor\illuminate\container\Container.php(917): ReflectionClass->newInstanceArgs(Array)
#12 F:\httpd-2.4.48-win64-VS16\Apache24\htdocs\flarum\vendor\illuminate\container\Container.php(754): Illuminate\Container\Container->build('Flarum\\Database...')
#13 F:\httpd-2.4.48-win64-VS16\Apache24\htdocs\flarum\vendor\illuminate\container\Container.php(692): Illuminate\Container\Container->resolve('Flarum\\Database...', Array)
#14 F:\httpd-2.4.48-win64-VS16\Apache24\htdocs\flarum\vendor\illuminate\container\Container.php(1027): Illuminate\Container\Container->make('Flarum\\Database...')
#15 F:\httpd-2.4.48-win64-VS16\Apache24\htdocs\flarum\vendor\illuminate\container\Container.php(947): Illuminate\Container\Container->resolveClass(Object(ReflectionParameter))
#16 F:\httpd-2.4.48-win64-VS16\Apache24\htdocs\flarum\vendor\illuminate\container\Container.php(908): Illuminate\Container\Container->resolveDependencies(Array)
#17 F:\httpd-2.4.48-win64-VS16\Apache24\htdocs\flarum\vendor\illuminate\container\Container.php(290): Illuminate\Container\Container->build('Flarum\\Extensio...')
#18 F:\httpd-2.4.48-win64-VS16\Apache24\htdocs\flarum\vendor\illuminate\container\Container.php(869): Illuminate\Container\Container->Illuminate\Container\{closure}(Object(Illuminate\Container\Container), Array)
#19 F:\httpd-2.4.48-win64-VS16\Apache24\htdocs\flarum\vendor\illuminate\container\Container.php(754): Illuminate\Container\Container->build(Object(Closure))
#20 F:\httpd-2.4.48-win64-VS16\Apache24\htdocs\flarum\vendor\illuminate\container\Container.php(692): Illuminate\Container\Container->resolve('Flarum\\Extensio...', Array)
#21 F:\httpd-2.4.48-win64-VS16\Apache24\htdocs\flarum\vendor\flarum\core\src\Extension\ExtensionServiceProvider.php(31): Illuminate\Container\Container->make('flarum.extensio...')
#22 [internal function]: Flarum\Extension\ExtensionServiceProvider->Flarum\Extension\{closure}(Object(Flarum\Foundation\Application))
#23 F:\httpd-2.4.48-win64-VS16\Apache24\htdocs\flarum\vendor\flarum\core\src\Foundation\Application.php(329): call_user_func(Object(Closure), Object(Flarum\Foundation\Application))
#24 F:\httpd-2.4.48-win64-VS16\Apache24\htdocs\flarum\vendor\flarum\core\src\Foundation\Application.php(270): Flarum\Foundation\Application->fireAppCallbacks(Array)
#25 F:\httpd-2.4.48-win64-VS16\Apache24\htdocs\flarum\vendor\flarum\core\src\Foundation\InstalledSite.php(151): Flarum\Foundation\Application->boot()
#26 F:\httpd-2.4.48-win64-VS16\Apache24\htdocs\flarum\vendor\flarum\core\src\Foundation\InstalledSite.php(82): Flarum\Foundation\InstalledSite->bootLaravel()
#27 F:\httpd-2.4.48-win64-VS16\Apache24\htdocs\flarum\vendor\flarum\core\src\Http\Server.php(58): Flarum\Foundation\InstalledSite->bootApp()
#28 F:\httpd-2.4.48-win64-VS16\Apache24\htdocs\flarum\vendor\flarum\core\src\Http\Server.php(35): Flarum\Http\Server->safelyBootAndGetHandler()
#29 F:\httpd-2.4.48-win64-VS16\Apache24\htdocs\flarum\public\index.php(26): Flarum\Http\Server->listen()
#30 {main}

Next Doctrine\DBAL\Driver\PDO\Exception: SQLSTATE[HY000] [2002] 由于目标计算机积极拒绝，无法连接。
 in F:\httpd-2.4.48-win64-VS16\Apache24\htdocs\flarum\vendor\doctrine\dbal\lib\Doctrine\DBAL\Driver\PDO\Exception.php:18
Stack trace:
#0 F:\httpd-2.4.48-win64-VS16\Apache24\htdocs\flarum\vendor\doctrine\dbal\lib\Doctrine\DBAL\Driver\PDOConnection.php(43): Doctrine\DBAL\Driver\PDO\Exception::new(Object(PDOException))
#1 F:\httpd-2.4.48-win64-VS16\Apache24\htdocs\flarum\vendor\illuminate\database\Connectors\Connector.php(67): Doctrine\DBAL\Driver\PDOConnection->__construct('mysql:host=loca...', 'root', 'password', Array)
#2 F:\httpd-2.4.48-win64-VS16\Apache24\htdocs\flarum\vendor\illuminate\database\Connectors\Connector.php(46): Illuminate\Database\Connectors\Connector->createPdoConnection('mysql:host=loca...', 'root', 'password', Array)
#3 F:\httpd-2.4.48-win64-VS16\Apache24\htdocs\flarum\vendor\illuminate\database\Connectors\MySqlConnector.php(24): Illuminate\Database\Connectors\Connector->createConnection('mysql:host=loca...', Array, Array)
#4 F:\httpd-2.4.48-win64-VS16\Apache24\htdocs\flarum\vendor\illuminate\database\Connectors\ConnectionFactory.php(184): Illuminate\Database\Connectors\MySqlConnector->connect(Array)
#5 [internal function]: Illuminate\Database\Connectors\ConnectionFactory->Illuminate\Database\Connectors\{closure}()
#6 F:\httpd-2.4.48-win64-VS16\Apache24\htdocs\flarum\vendor\illuminate\database\Connection.php(999): call_user_func(Object(Closure))
#7 F:\httpd-2.4.48-win64-VS16\Apache24\htdocs\flarum\vendor\illuminate\database\Connection.php(981): Illuminate\Database\Connection->getPdo()
#8 F:\httpd-2.4.48-win64-VS16\Apache24\htdocs\flarum\vendor\illuminate\database\Connection.php(961): Illuminate\Database\Connection->getDoctrineConnection()
#9 F:\httpd-2.4.48-win64-VS16\Apache24\htdocs\flarum\vendor\flarum\core\src\Database\Migrator.php(72): Illuminate\Database\Connection->getDoctrineSchemaManager()
#10 [internal function]: Flarum\Database\Migrator->__construct(Object(Flarum\Database\DatabaseMigrationRepository), Object(Illuminate\Database\MySqlConnection), Object(Illuminate\Filesystem\Filesystem))
#11 F:\httpd-2.4.48-win64-VS16\Apache24\htdocs\flarum\vendor\illuminate\container\Container.php(917): ReflectionClass->newInstanceArgs(Array)
#12 F:\httpd-2.4.48-win64-VS16\Apache24\htdocs\flarum\vendor\illuminate\container\Container.php(754): Illuminate\Container\Container->build('Flarum\\Database...')
#13 F:\httpd-2.4.48-win64-VS16\Apache24\htdocs\flarum\vendor\illuminate\container\Container.php(692): Illuminate\Container\Container->resolve('Flarum\\Database...', Array)
#14 F:\httpd-2.4.48-win64-VS16\Apache24\htdocs\flarum\vendor\illuminate\container\Container.php(1027): Illuminate\Container\Container->make('Flarum\\Database...')
#15 F:\httpd-2.4.48-win64-VS16\Apache24\htdocs\flarum\vendor\illuminate\container\Container.php(947): Illuminate\Container\Container->resolveClass(Object(ReflectionParameter))
#16 F:\httpd-2.4.48-win64-VS16\Apache24\htdocs\flarum\vendor\illuminate\container\Container.php(908): Illuminate\Container\Container->resolveDependencies(Array)
#17 F:\httpd-2.4.48-win64-VS16\Apache24\htdocs\flarum\vendor\illuminate\container\Container.php(290): Illuminate\Container\Container->build('Flarum\\Extensio...')
#18 F:\httpd-2.4.48-win64-VS16\Apache24\htdocs\flarum\vendor\illuminate\container\Container.php(869): Illuminate\Container\Container->Illuminate\Container\{closure}(Object(Illuminate\Container\Container), Array)
#19 F:\httpd-2.4.48-win64-VS16\Apache24\htdocs\flarum\vendor\illuminate\container\Container.php(754): Illuminate\Container\Container->build(Object(Closure))
#20 F:\httpd-2.4.48-win64-VS16\Apache24\htdocs\flarum\vendor\illuminate\container\Container.php(692): Illuminate\Container\Container->resolve('Flarum\\Extensio...', Array)
#21 F:\httpd-2.4.48-win64-VS16\Apache24\htdocs\flarum\vendor\flarum\core\src\Extension\ExtensionServiceProvider.php(31): Illuminate\Container\Container->make('flarum.extensio...')
#22 [internal function]: Flarum\Extension\ExtensionServiceProvider->Flarum\Extension\{closure}(Object(Flarum\Foundation\Application))
#23 F:\httpd-2.4.48-win64-VS16\Apache24\htdocs\flarum\vendor\flarum\core\src\Foundation\Application.php(329): call_user_func(Object(Closure), Object(Flarum\Foundation\Application))
#24 F:\httpd-2.4.48-win64-VS16\Apache24\htdocs\flarum\vendor\flarum\core\src\Foundation\Application.php(270): Flarum\Foundation\Application->fireAppCallbacks(Array)
#25 F:\httpd-2.4.48-win64-VS16\Apache24\htdocs\flarum\vendor\flarum\core\src\Foundation\InstalledSite.php(151): Flarum\Foundation\Application->boot()
#26 F:\httpd-2.4.48-win64-VS16\Apache24\htdocs\flarum\vendor\flarum\core\src\Foundation\InstalledSite.php(82): Flarum\Foundation\InstalledSite->bootLaravel()
#27 F:\httpd-2.4.48-win64-VS16\Apache24\htdocs\flarum\vendor\flarum\core\src\Http\Server.php(58): Flarum\Foundation\InstalledSite->bootApp()
#28 F:\httpd-2.4.48-win64-VS16\Apache24\htdocs\flarum\vendor\flarum\core\src\Http\Server.php(35): Flarum\Http\Server->safelyBootAndGetHandler()
#29 F:\httpd-2.4.48-win64-VS16\Apache24\htdocs\flarum\public\index.php(26): Flarum\Http\Server->listen()
#30 {main}  
[2021-07-18 01:53:43] flarum.ERROR: PDOException: SQLSTATE[HY000] [2002] 由于目标计算机积极拒绝，无法连接。
 in F:\httpd-2.4.48-win64-VS16\Apache24\htdocs\flarum\vendor\doctrine\dbal\lib\Doctrine\DBAL\Driver\PDOConnection.php:39
Stack trace:
#0 F:\httpd-2.4.48-win64-VS16\Apache24\htdocs\flarum\vendor\doctrine\dbal\lib\Doctrine\DBAL\Driver\PDOConnection.php(39): PDO->__construct('mysql:host=loca...', 'root', 'password', Array)
#1 F:\httpd-2.4.48-win64-VS16\Apache24\htdocs\flarum\vendor\illuminate\database\Connectors\Connector.php(67): Doctrine\DBAL\Driver\PDOConnection->__construct('mysql:host=loca...', 'root', 'password', Array)
#2 F:\httpd-2.4.48-win64-VS16\Apache24\htdocs\flarum\vendor\illuminate\database\Connectors\Connector.php(46): Illuminate\Database\Connectors\Connector->createPdoConnection('mysql:host=loca...', 'root', 'password', Array)
#3 F:\httpd-2.4.48-win64-VS16\Apache24\htdocs\flarum\vendor\illuminate\database\Connectors\MySqlConnector.php(24): Illuminate\Database\Connectors\Connector->createConnection('mysql:host=loca...', Array, Array)
#4 F:\httpd-2.4.48-win64-VS16\Apache24\htdocs\flarum\vendor\illuminate\database\Connectors\ConnectionFactory.php(184): Illuminate\Database\Connectors\MySqlConnector->connect(Array)
#5 [internal function]: Illuminate\Database\Connectors\ConnectionFactory->Illuminate\Database\Connectors\{closure}()
#6 F:\httpd-2.4.48-win64-VS16\Apache24\htdocs\flarum\vendor\illuminate\database\Connection.php(999): call_user_func(Object(Closure))
#7 F:\httpd-2.4.48-win64-VS16\Apache24\htdocs\flarum\vendor\illuminate\database\Connection.php(981): Illuminate\Database\Connection->getPdo()
#8 F:\httpd-2.4.48-win64-VS16\Apache24\htdocs\flarum\vendor\illuminate\database\Connection.php(961): Illuminate\Database\Connection->getDoctrineConnection()
#9 F:\httpd-2.4.48-win64-VS16\Apache24\htdocs\flarum\vendor\flarum\core\src\Database\Migrator.php(72): Illuminate\Database\Connection->getDoctrineSchemaManager()
#10 [internal function]: Flarum\Database\Migrator->__construct(Object(Flarum\Database\DatabaseMigrationRepository), Object(Illuminate\Database\MySqlConnection), Object(Illuminate\Filesystem\Filesystem))
#11 F:\httpd-2.4.48-win64-VS16\Apache24\htdocs\flarum\vendor\illuminate\container\Container.php(917): ReflectionClass->newInstanceArgs(Array)
#12 F:\httpd-2.4.48-win64-VS16\Apache24\htdocs\flarum\vendor\illuminate\container\Container.php(754): Illuminate\Container\Container->build('Flarum\\Database...')
#13 F:\httpd-2.4.48-win64-VS16\Apache24\htdocs\flarum\vendor\illuminate\container\Container.php(692): Illuminate\Container\Container->resolve('Flarum\\Database...', Array)
#14 F:\httpd-2.4.48-win64-VS16\Apache24\htdocs\flarum\vendor\illuminate\container\Container.php(1027): Illuminate\Container\Container->make('Flarum\\Database...')
#15 F:\httpd-2.4.48-win64-VS16\Apache24\htdocs\flarum\vendor\illuminate\container\Container.php(947): Illuminate\Container\Container->resolveClass(Object(ReflectionParameter))
#16 F:\httpd-2.4.48-win64-VS16\Apache24\htdocs\flarum\vendor\illuminate\container\Container.php(908): Illuminate\Container\Container->resolveDependencies(Array)
#17 F:\httpd-2.4.48-win64-VS16\Apache24\htdocs\flarum\vendor\illuminate\container\Container.php(290): Illuminate\Container\Container->build('Flarum\\Extensio...')
#18 F:\httpd-2.4.48-win64-VS16\Apache24\htdocs\flarum\vendor\illuminate\container\Container.php(869): Illuminate\Container\Container->Illuminate\Container\{closure}(Object(Illuminate\Container\Container), Array)
#19 F:\httpd-2.4.48-win64-VS16\Apache24\htdocs\flarum\vendor\illuminate\container\Container.php(754): Illuminate\Container\Container->build(Object(Closure))
#20 F:\httpd-2.4.48-win64-VS16\Apache24\htdocs\flarum\vendor\illuminate\container\Container.php(692): Illuminate\Container\Container->resolve('Flarum\\Extensio...', Array)
#21 F:\httpd-2.4.48-win64-VS16\Apache24\htdocs\flarum\vendor\flarum\core\src\Extension\ExtensionServiceProvider.php(31): Illuminate\Container\Container->make('flarum.extensio...')
#22 [internal function]: Flarum\Extension\ExtensionServiceProvider->Flarum\Extension\{closure}(Object(Flarum\Foundation\Application))
#23 F:\httpd-2.4.48-win64-VS16\Apache24\htdocs\flarum\vendor\flarum\core\src\Foundation\Application.php(329): call_user_func(Object(Closure), Object(Flarum\Foundation\Application))
#24 F:\httpd-2.4.48-win64-VS16\Apache24\htdocs\flarum\vendor\flarum\core\src\Foundation\Application.php(270): Flarum\Foundation\Application->fireAppCallbacks(Array)
#25 F:\httpd-2.4.48-win64-VS16\Apache24\htdocs\flarum\vendor\flarum\core\src\Foundation\InstalledSite.php(151): Flarum\Foundation\Application->boot()
#26 F:\httpd-2.4.48-win64-VS16\Apache24\htdocs\flarum\vendor\flarum\core\src\Foundation\InstalledSite.php(82): Flarum\Foundation\InstalledSite->bootLaravel()
#27 F:\httpd-2.4.48-win64-VS16\Apache24\htdocs\flarum\vendor\flarum\core\src\Http\Server.php(58): Flarum\Foundation\InstalledSite->bootApp()
#28 F:\httpd-2.4.48-win64-VS16\Apache24\htdocs\flarum\vendor\flarum\core\src\Http\Server.php(35): Flarum\Http\Server->safelyBootAndGetHandler()
#29 F:\httpd-2.4.48-win64-VS16\Apache24\htdocs\flarum\public\index.php(26): Flarum\Http\Server->listen()
#30 {main}

Next Doctrine\DBAL\Driver\PDO\Exception: SQLSTATE[HY000] [2002] 由于目标计算机积极拒绝，无法连接。
 in F:\httpd-2.4.48-win64-VS16\Apache24\htdocs\flarum\vendor\doctrine\dbal\lib\Doctrine\DBAL\Driver\PDO\Exception.php:18
Stack trace:
#0 F:\httpd-2.4.48-win64-VS16\Apache24\htdocs\flarum\vendor\doctrine\dbal\lib\Doctrine\DBAL\Driver\PDOConnection.php(43): Doctrine\DBAL\Driver\PDO\Exception::new(Object(PDOException))
#1 F:\httpd-2.4.48-win64-VS16\Apache24\htdocs\flarum\vendor\illuminate\database\Connectors\Connector.php(67): Doctrine\DBAL\Driver\PDOConnection->__construct('mysql:host=loca...', 'root', 'password', Array)
#2 F:\httpd-2.4.48-win64-VS16\Apache24\htdocs\flarum\vendor\illuminate\database\Connectors\Connector.php(46): Illuminate\Database\Connectors\Connector->createPdoConnection('mysql:host=loca...', 'root', 'password', Array)
#3 F:\httpd-2.4.48-win64-VS16\Apache24\htdocs\flarum\vendor\illuminate\database\Connectors\MySqlConnector.php(24): Illuminate\Database\Connectors\Connector->createConnection('mysql:host=loca...', Array, Array)
#4 F:\httpd-2.4.48-win64-VS16\Apache24\htdocs\flarum\vendor\illuminate\database\Connectors\ConnectionFactory.php(184): Illuminate\Database\Connectors\MySqlConnector->connect(Array)
#5 [internal function]: Illuminate\Database\Connectors\ConnectionFactory->Illuminate\Database\Connectors\{closure}()
#6 F:\httpd-2.4.48-win64-VS16\Apache24\htdocs\flarum\vendor\illuminate\database\Connection.php(999): call_user_func(Object(Closure))
#7 F:\httpd-2.4.48-win64-VS16\Apache24\htdocs\flarum\vendor\illuminate\database\Connection.php(981): Illuminate\Database\Connection->getPdo()
#8 F:\httpd-2.4.48-win64-VS16\Apache24\htdocs\flarum\vendor\illuminate\database\Connection.php(961): Illuminate\Database\Connection->getDoctrineConnection()
#9 F:\httpd-2.4.48-win64-VS16\Apache24\htdocs\flarum\vendor\flarum\core\src\Database\Migrator.php(72): Illuminate\Database\Connection->getDoctrineSchemaManager()
#10 [internal function]: Flarum\Database\Migrator->__construct(Object(Flarum\Database\DatabaseMigrationRepository), Object(Illuminate\Database\MySqlConnection), Object(Illuminate\Filesystem\Filesystem))
#11 F:\httpd-2.4.48-win64-VS16\Apache24\htdocs\flarum\vendor\illuminate\container\Container.php(917): ReflectionClass->newInstanceArgs(Array)
#12 F:\httpd-2.4.48-win64-VS16\Apache24\htdocs\flarum\vendor\illuminate\container\Container.php(754): Illuminate\Container\Container->build('Flarum\\Database...')
#13 F:\httpd-2.4.48-win64-VS16\Apache24\htdocs\flarum\vendor\illuminate\container\Container.php(692): Illuminate\Container\Container->resolve('Flarum\\Database...', Array)
#14 F:\httpd-2.4.48-win64-VS16\Apache24\htdocs\flarum\vendor\illuminate\container\Container.php(1027): Illuminate\Container\Container->make('Flarum\\Database...')
#15 F:\httpd-2.4.48-win64-VS16\Apache24\htdocs\flarum\vendor\illuminate\container\Container.php(947): Illuminate\Container\Container->resolveClass(Object(ReflectionParameter))
#16 F:\httpd-2.4.48-win64-VS16\Apache24\htdocs\flarum\vendor\illuminate\container\Container.php(908): Illuminate\Container\Container->resolveDependencies(Array)
#17 F:\httpd-2.4.48-win64-VS16\Apache24\htdocs\flarum\vendor\illuminate\container\Container.php(290): Illuminate\Container\Container->build('Flarum\\Extensio...')
#18 F:\httpd-2.4.48-win64-VS16\Apache24\htdocs\flarum\vendor\illuminate\container\Container.php(869): Illuminate\Container\Container->Illuminate\Container\{closure}(Object(Illuminate\Container\Container), Array)
#19 F:\httpd-2.4.48-win64-VS16\Apache24\htdocs\flarum\vendor\illuminate\container\Container.php(754): Illuminate\Container\Container->build(Object(Closure))
#20 F:\httpd-2.4.48-win64-VS16\Apache24\htdocs\flarum\vendor\illuminate\container\Container.php(692): Illuminate\Container\Container->resolve('Flarum\\Extensio...', Array)
#21 F:\httpd-2.4.48-win64-VS16\Apache24\htdocs\flarum\vendor\flarum\core\src\Extension\ExtensionServiceProvider.php(31): Illuminate\Container\Container->make('flarum.extensio...')
#22 [internal function]: Flarum\Extension\ExtensionServiceProvider->Flarum\Extension\{closure}(Object(Flarum\Foundation\Application))
#23 F:\httpd-2.4.48-win64-VS16\Apache24\htdocs\flarum\vendor\flarum\core\src\Foundation\Application.php(329): call_user_func(Object(Closure), Object(Flarum\Foundation\Application))
#24 F:\httpd-2.4.48-win64-VS16\Apache24\htdocs\flarum\vendor\flarum\core\src\Foundation\Application.php(270): Flarum\Foundation\Application->fireAppCallbacks(Array)
#25 F:\httpd-2.4.48-win64-VS16\Apache24\htdocs\flarum\vendor\flarum\core\src\Foundation\InstalledSite.php(151): Flarum\Foundation\Application->boot()
#26 F:\httpd-2.4.48-win64-VS16\Apache24\htdocs\flarum\vendor\flarum\core\src\Foundation\InstalledSite.php(82): Flarum\Foundation\InstalledSite->bootLaravel()
#27 F:\httpd-2.4.48-win64-VS16\Apache24\htdocs\flarum\vendor\flarum\core\src\Http\Server.php(58): Flarum\Foundation\InstalledSite->bootApp()
#28 F:\httpd-2.4.48-win64-VS16\Apache24\htdocs\flarum\vendor\flarum\core\src\Http\Server.php(35): Flarum\Http\Server->safelyBootAndGetHandler()
#29 F:\httpd-2.4.48-win64-VS16\Apache24\htdocs\flarum\public\index.php(26): Flarum\Http\Server->listen()
#30 {main}  
